[22:27:01] [ServerMain/INFO]: Environment: Environment[sessionHost=https://sessionserver.mojang.com, servicesHost=https://api.minecraftservices.com, name=PROD]
[22:27:03] [ServerMain/INFO]: Loaded 1407 recipes
[22:27:03] [ServerMain/INFO]: Loaded 1520 advancements
[22:27:03] [Server thread/INFO]: Starting minecraft server version 1.21.8
[22:27:03] [Server thread/INFO]: Loading properties
[22:27:03] [Server thread/INFO]: Default game type: SURVIVAL
[22:27:03] [Server thread/INFO]: Generating keypair
[22:27:03] [Server thread/INFO]: Starting Minecraft server on *:25565
[22:27:04] [Server thread/INFO]: Using epoll channel type
[22:27:04] [Server thread/WARN]: **** SERVER IS RUNNING IN OFFLINE/INSECURE MODE!
[22:27:04] [Server thread/WARN]: The server will make no attempt to authenticate usernames. Beware.
[22:27:04] [Server thread/WARN]: While this makes the game possible to play without internet access, it also opens up the ability for hackers to connect with any username they choose.
[22:27:04] [Server thread/WARN]: To change this, set "online-mode" to "true" in the server.properties file.
[22:27:04] [Server thread/INFO]: Preparing level "world"
[22:27:04] [Server thread/INFO]: Preparing start region for dimension minecraft:overworld
[22:27:06] [Worker-Main-3/INFO]: Preparing spawn area: 0%
[22:27:06] [Worker-Main-3/INFO]: Preparing spawn area: 0%
[22:27:06] [Worker-Main-3/INFO]: Preparing spawn area: 0%
[22:27:06] [Worker-Main-3/INFO]: Preparing spawn area: 0%
[22:27:06] [Worker-Main-3/INFO]: Preparing spawn area: 0%
[22:27:06] [Worker-Main-3/INFO]: Preparing spawn area: 0%
[22:27:07] [Server thread/INFO]: Time elapsed: 2623 ms
[22:27:07] [Server thread/INFO]: Done (2.980s)! For help, type "help"
[22:27:16] [Server thread/INFO]: tumami12414[/127.199.110.128:46833] logged in with entity id 6 at (394.69933077916306, 76.5625, -0.699999988079071)
[22:27:16] [Server thread/INFO]: tumami12414 joined the game
[22:27:33] [Server thread/INFO]: Incorrect argument for command
[22:27:33] [Server thread/INFO]: gamerule playerssleepingpercentage<--[HERE]
[22:27:35] [Server thread/INFO]: CarboHot[/127.195.204.176:45499] logged in with entity id 314 at (103.12886995810439, 63.5, 221.3272173430262)
[22:27:35] [Server thread/INFO]: CarboHot joined the game
[22:27:40] [Server thread/INFO]: Incorrect argument for command
[22:27:40] [Server thread/INFO]: gamerule playerssleepingpercegamerule playerssleepingpercentage 1<--[HERE]
[22:27:48] [Server thread/INFO]: Incorrect argument for command
[22:27:48] [Server thread/INFO]: gamerule playerssleepingpercentage 1<--[HERE]
[22:28:16] [Server thread/INFO]: Unknown or incomplete command, see below for error
[22:28:16] [Server thread/INFO]: admi tumami12414<--[HERE]
[22:28:34] [Server thread/INFO]: Bastings[/127.100.45.138:37033] logged in with entity id 743 at (178.8658483043142, 38.0, 14.075395581752064)
[22:28:34] [Server thread/INFO]: Bastings joined the game
[22:28:42] [Server thread/INFO]: [Not Secure] <CarboHot> los botaron
[22:28:44] [Server thread/INFO]: [Not Secure] <CarboHot> que onda
[22:28:45] [Server thread/INFO]: tumami12414 fell from a high place
[22:29:17] [Server thread/WARN]: Mismatch in destroy block pos: jb{x=14, y=73, z=170} jb{x=15, y=71, z=170}
[22:29:57] [Server thread/INFO]: [Not Secure] <CarboHot> los botaron
[22:30:02] [Server thread/INFO]: [Not Secure] <tumami12414> a quien
[22:30:02] [Server thread/INFO]: [Not Secure] <Bastings> ?
[22:30:05] [Server thread/INFO]: [Not Secure] <CarboHot> ustedes dos
[22:30:08] [Server thread/INFO]: [Not Secure] <tumami12414> ns no hablan
[22:30:11] [Server thread/INFO]: [Not Secure] <CarboHot> no estan en call
[22:30:17] [Server thread/INFO]: [Not Secure] <tumami12414> si estamos
[22:30:20] [Server thread/INFO]: [Not Secure] <CarboHot> no
[22:30:23] [Server thread/INFO]: Bastings has made the advancement [Isn't It Iron Pick]
[22:30:24] [Server thread/INFO]: [Not Secure] <CarboHot> aca sale que no
[22:31:11] [Server thread/INFO]: [Not Secure] <Bastings> wn
[22:31:19] [Server thread/INFO]: [Not Secure] <Bastings> me sale algo raro en el discord
[22:31:31] [Server thread/INFO]: [Not Secure] <tumami12414> reinicia el discord
[22:32:24] [Server thread/INFO]: [Not Secure] <tumami12414> ander reinica tu discord
[22:33:23] [Server thread/INFO]: [Not Secure] <Bastings> me sale el error desde la app y el navegador igual
[22:33:50] [Server thread/INFO]: Unknown or incomplete command, see below for error
[22:33:50] [Server thread/INFO]: andres reinica tu discord<--[HERE]
[22:34:17] [Server thread/INFO]: No player was found
[22:34:37] [Server thread/INFO]: [Not Secure] <Bastings> como lo reinicio
[22:34:46] [Server thread/INFO]: [Not Secure] <Bastings> me da problemas en todos lados
[22:34:47] [Server thread/INFO]: [Not Secure] <CarboHot> no estas
[22:34:49] [Server thread/INFO]: [Not Secure] <Bastings> wtf
[22:34:58] [Server thread/INFO]: [Not Secure] <Bastings> en el cv?
[22:35:00] [Server thread/INFO]: [Not Secure] <Bastings> nop
[22:35:03] [Server thread/INFO]: [Not Secure] <CarboHot> si
[22:35:06] [Server thread/INFO]: [Not Secure] <CarboHot> salite
[22:35:09] [Server thread/INFO]: [Not Secure] <tumami12414> reinica tu discord
[22:35:12] [Server thread/INFO]: [Not Secure] <tumami12414> es el discord
[22:35:15] [Server thread/INFO]: [Not Secure] <CarboHot> y volve entrar
[22:35:53] [Server thread/INFO]: [Not Secure] <Bastings> ya lo cerre
[22:36:00] [Server thread/INFO]: [Not Secure] <Bastings> al abrirlo me da el problema
[22:36:06] [Server thread/INFO]: [Not Secure] <Bastings> guilds unavailable
[22:36:09] [Server thread/INFO]: [Not Secure] <Bastings> eso dice
[22:36:18] [Server thread/INFO]: [Not Secure] <tumami12414> unete a mi call
[22:36:25] [Server thread/INFO]: [Not Secure] <Bastings> no puedp
[22:36:36] [Server thread/INFO]: [Not Secure] <CarboHot> los bota
[22:36:39] [Server thread/INFO]: [Not Secure] <Bastings> cuando abro la app hay una pantalla q no me deja hacer nada
[22:36:43] [Server thread/INFO]: [Not Secure] <CarboHot> cuando entra
[22:37:34] [Server thread/INFO]: CarboHot was slain by Iron Golem
[22:37:34] [Server thread/INFO]: [Not Secure] <tumami12414> andres reinica tu discord
[22:37:35] [Server thread/INFO]: [Not Secure] <Bastings> ya vuelvo
[22:37:40] [Server thread/INFO]: [Not Secure] <Bastings> reinicio la pc
[22:37:45] [Server thread/INFO]: [Not Secure] <Bastings> como reinicio discord
[22:37:54] [Server thread/INFO]: [Not Secure] <Bastings> ya lo he cerrado varias veces
[22:37:58] [Server thread/INFO]: [Not Secure] <tumami12414> cierralo
[22:38:02] [Server thread/INFO]: [Not Secure] <tumami12414> y abrelo
[22:38:05] [Server thread/INFO]: [Not Secure] <Bastings> entre por google y me sale el mismo error
[22:38:16] [Server thread/INFO]: [Not Secure] <Bastings> reiniciare la pc y vengo
[22:38:18] [Server thread/INFO]: Bastings lost connection: Disconnected
[22:38:18] [Server thread/INFO]: Bastings left the game
[22:38:28] [Server thread/INFO]: Villager cuf['Villager'/4142, l='ServerLevel[world]', x=55.89, y=65.00, z=194.39] died, message: 'Villager was slain by Zombie'
[22:38:42] [Server thread/INFO]: CarboHot has made the advancement [Acquire Hardware]
[22:39:39] [Server thread/INFO]: CarboHot has made the advancement [Sweet Dreams]
[22:39:39] [Server thread/INFO]: tumami12414 lost connection: Disconnected
[22:39:39] [Server thread/INFO]: tumami12414 left the game
[22:39:51] [Server thread/INFO]: tumami12414[/127.199.110.128:34229] logged in with entity id 4754 at (99.08426911008569, 63.5, 250.07292254477653)
[22:39:51] [Server thread/INFO]: tumami12414 joined the game
[22:42:40] [Server thread/INFO]: Bastings[/127.100.45.138:56591] logged in with entity id 5204 at (161.0601788922713, 43.0, -28.56020380305862)
[22:42:40] [Server thread/INFO]: Bastings joined the game
[22:42:51] [Server thread/INFO]: tumami12414 has made the advancement [Stone Age]
[22:44:38] [Server thread/INFO]: tumami12414 lost connection: Disconnected
[22:44:38] [Server thread/INFO]: tumami12414 left the game
[22:44:41] [Server thread/INFO]: Bastings was slain by Zombie
[22:45:34] [Server thread/INFO]: [Not Secure] <Bastings> a
[22:45:35] [Server thread/INFO]: tumami12414[/127.199.110.128:58301] logged in with entity id 6749 at (81.05021825583306, 64.5, 249.218660626904)
[22:45:35] [Server thread/INFO]: tumami12414 joined the game
[22:49:03] [Server thread/INFO]: Bastings went up in flames
[22:50:18] [Server thread/INFO]: CarboHot has made the advancement [Isn't It Iron Pick]
[22:53:07] [Server thread/INFO]: Bastings was shot by Skeleton
[22:53:11] [Server thread/INFO]: tumami12414 was slain by Zombie
[22:53:13] [Server thread/WARN]: Mismatch in destroy block pos: jb{x=0, y=0, z=0} jb{x=99, y=64, z=252}
[22:53:37] [Server thread/INFO]: Villager cuf['Farmer'/333, l='ServerLevel[world]', x=82.30, y=65.25, z=203.09] died, message: 'Farmer was slain by Zombie'
[22:55:38] [Server thread/INFO]: CarboHot was shot by Skeleton
[22:56:32] [Server thread/INFO]: [Not Secure] <Bastings> ./gamerule percentageplayerssleeping 1
[22:56:46] [Server thread/INFO]: Expected whitespace to end one argument, but found trailing data
[22:56:46] [Server thread/INFO]: msg bast/msg bastia/gamerule percentageplayerssleeping 1<--[HERE]
[22:56:50] [Server thread/INFO]: Incorrect argument for command
[22:56:50] [Server thread/INFO]: gamerule percentageplayerssleeping 1<--[HERE]
[22:59:54] [Server thread/INFO]: Unknown or incomplete command, see below for error
[22:59:54] [Server thread/INFO]: administrator tumami12414<--[HERE]
[23:00:48] [Server thread/INFO]: Made tumami12414 a server operator
[23:01:10] [Server thread/INFO]: [tumami12414: Gamerule playersSleepingPercentage is now set to: 1]
[23:02:07] [Server thread/INFO]: CarboHot has made the advancement [Diamonds!]
[23:02:20] [Server thread/INFO]: [tumami12414: Teleported tumami12414 to CarboHot]
[23:02:49] [Server thread/INFO]: [tumami12414: Teleported tumami12414 to Bastings]
[23:03:07] [Server thread/INFO]: CarboHot was doomed to fall by Skeleton
[23:03:29] [Server thread/INFO]: CarboHot was slain by Cave Spider
[23:03:51] [Server thread/INFO]: CarboHot was shot by Skeleton
[23:04:15] [Server thread/INFO]: [tumami12414: Teleported tumami12414 to Bastings]
[23:05:25] [Server thread/INFO]: Made tumami12414 no longer a server operator
[23:06:04] [Server thread/INFO]: tumami12414 has made the advancement [Fishy Business]
[23:08:59] [Server thread/INFO]: CarboHot has made the advancement [Not Today, Thank You]
[23:09:03] [Server thread/INFO]: CarboHot was blown up by Creeper
[23:10:21] [Server thread/INFO]: CarboHot was shot by Skeleton
[23:13:49] [Server thread/INFO]: Bastings has made the advancement [Diamonds!]
[23:17:36] [Server thread/INFO]: CarboHot has made the advancement [Cover Me with Diamonds]
[23:17:51] [Server thread/INFO]: Bastings has made the advancement [Suit Up]
[23:21:20] [Server thread/INFO]: tumami12414 has made the advancement [Monster Hunter]
[23:22:26] [Server thread/INFO]: CarboHot was slain by Zombie
[23:24:30] [Server thread/INFO]: Unknown or incomplete command, see below for error
[23:24:30] [Server thread/INFO]: /tp carbohot bastings<--[HERE]
[23:24:40] [Server thread/INFO]: Teleported CarboHot to Bastings
[23:25:06] [Server thread/INFO]: Unknown or incomplete command, see below for error
[23:25:06] [Server thread/INFO]: p carbohot tumami12414<--[HERE]
[23:25:13] [Server thread/INFO]: Bastings has made the advancement [Not Today, Thank You]
[23:26:07] [Server thread/INFO]: CarboHot was slain by Zombie
[23:28:14] [Server thread/INFO]: Bastings has made the advancement [Cover Me with Diamonds]
[23:32:30] [Server thread/INFO]: CarboHot was shot by Skeleton
[23:34:59] [Server thread/INFO]: CarboHot fell from a high place
[23:36:34] [Server thread/INFO]: Villager cuf['Villager'/38328, l='ServerLevel[world]', x=55.83, y=65.00, z=194.30] died, message: 'Villager was slain by Zombie'
